[2016-06-14 00:58:38] slim-app.INFO: Slim-Skeleton '/' route [] {"uid":"0c4457f"}
[2016-06-14 01:19:23] slim-app.INFO: Slim-Skeleton '/' route [] {"uid":"dd08b4f"}
[2016-06-14 01:24:24] slim-app.INFO: Slim-Skeleton '/' route [] {"uid":"310554d"}
[2016-06-14 01:24:25] slim-app.INFO: Slim-Skeleton '/' route [] {"uid":"6477376"}
[2016-06-14 01:28:03] slim-app.INFO: Slim-Skeleton '/' route [] {"uid":"51d0c99"}
[2016-06-14 01:30:36] slim-app.INFO: Slim-Skeleton '/' route [] {"uid":"d388069"}
[2016-06-14 01:30:37] slim-app.INFO: Slim-Skeleton '/' route [] {"uid":"50ced75"}
[2016-06-14 01:30:38] slim-app.INFO: Slim-Skeleton '/' route [] {"uid":"ba09bfe"}
[2016-06-14 01:31:44] slim-app.INFO: Slim-Skeleton '/' route [] {"uid":"39d51f7"}
[2016-06-14 01:31:46] slim-app.INFO: Slim-Skeleton '/' route [] {"uid":"98cc34f"}
[2016-06-14 01:31:48] slim-app.INFO: Slim-Skeleton '/' route [] {"uid":"6e3ddf0"}
[2016-06-14 01:33:03] slim-app.INFO: Slim-Skeleton '/' route [] {"uid":"105ac52"}
[2016-06-14 01:34:51] slim-app.INFO: Slim-Skeleton '/' route [] {"uid":"6338f75"}
[2016-06-14 01:34:54] slim-app.INFO: Slim-Skeleton '/' route [] {"uid":"89383ed"}
[2016-06-14 01:34:55] slim-app.INFO: Slim-Skeleton '/' route [] {"uid":"e0b9266"}
[2016-06-14 02:00:13] slim-app.INFO: Alive! [] {"uid":"d79c728"}
[2016-06-14 02:00:14] slim-app.INFO: Alive! [] {"uid":"c967e49"}
[2016-06-14 02:00:19] slim-app.INFO: Alive! [] {"uid":"18311da"}
[2016-06-14 02:00:58] slim-app.INFO: Alive! [] {"uid":"162c03b"}
[2016-06-14 02:01:08] slim-app.INFO: Alive! [] {"uid":"b0155f7"}
[2016-06-14 02:02:03] slim-app.INFO: Alive!  [] {"uid":"6a3f731"}
[2016-06-14 02:10:06] slim-app.INFO: Alive!  [] {"uid":"6fbab4f"}
[2016-06-14 02:10:40] slim-app.INFO: Alive!  [] {"uid":"e7b7483"}
[2016-06-14 02:10:44] slim-app.INFO: Alive!  [] {"uid":"5106f3e"}
[2016-06-14 02:25:40] slim-app.INFO: Alive!  [] {"uid":"f8786c9"}
[2016-06-14 02:25:52] slim-app.INFO: Alive!  [] {"uid":"593abd8"}
[2016-06-14 02:26:37] slim-app.INFO: Alive!  |  [] {"uid":"d7fd9ab"}
[2016-06-14 02:26:54] slim-app.INFO: Alive!  | {"id":"13891697"} [] {"uid":"d1a2874"}
[2016-06-14 02:27:39] slim-app.INFO: Alive! Device 13891697 has checked in. [] {"uid":"fbe84fa"}
[2016-06-14 02:38:21] slim-app.INFO: Alive! Device 13891697 has checked in. [] {"uid":"c56fee5"}
[2016-06-14 02:39:34] slim-app.INFO: Alive! Device 999 has checked in. [] {"uid":"5a61a25"}
[2016-06-14 02:46:12] slim-app.INFO: Alive! Device  has checked in. [] {"uid":"29af58f"}
[2016-06-14 02:48:27] slim-app.INFO: Alive! Device  has checked in. [] {"uid":"16fdea4"}
[2016-06-14 02:53:55] slim-app.INFO: Alive! Device  has checked in. [] {"uid":"f29686f"}
[2016-06-14 02:54:10] slim-app.INFO: Alive! Device 999 has checked in. [] {"uid":"fdce323"}
[2016-06-14 02:54:50] slim-app.INFO: Alive! Device 999 has checked in. [] {"uid":"e9b71aa"}
[2016-06-14 02:54:52] slim-app.INFO: Alive! Device 999 has checked in. [] {"uid":"63d9e0b"}
[2016-06-14 02:54:58] slim-app.INFO: Alive! Device 999 has checked in. [] {"uid":"b225a39"}
[2016-06-14 02:55:00] slim-app.INFO: Alive! Device 999 has checked in. [] {"uid":"457c6b3"}
[2016-06-14 02:55:01] slim-app.INFO: Alive! Device 999 has checked in. [] {"uid":"11964b4"}
[2016-06-14 02:55:01] slim-app.INFO: Alive! Device 999 has checked in. [] {"uid":"ec65442"}
[2016-06-14 02:55:22] slim-app.INFO: Alive! Device 999 has checked in. [] {"uid":"ed82569"}
[2016-06-14 02:55:53] slim-app.INFO: Alive! Device 999 has checked in. [] {"uid":"5f5b717"}
[2016-06-14 02:55:58] slim-app.INFO: Alive! Device 999 has checked in. [] {"uid":"b66b534"}
[2016-06-14 02:56:01] slim-app.INFO: Alive! Device 999 has checked in. [] {"uid":"e0973dc"}
[2016-06-14 02:56:52] slim-app.INFO: Alive! Device 13891697 has checked in. [] {"uid":"c941c5b"}
[2016-06-14 02:59:04] slim-app.INFO: Alive! Device 13891697 has checked in. [] {"uid":"88c60ef"}
[2016-06-14 03:07:00] slim-app.INFO: Alive! Device 13891697 has checked in. [] {"uid":"56a412f"}
[2016-06-14 17:05:36] slim-app.INFO: Alive! Device  has checked in. [] {"uid":"6e45985"}
[2016-06-14 17:06:07] slim-app.INFO: Alive! Device 13891697 has checked in. [] {"uid":"977710d"}
[2016-06-14 17:11:29] slim-app.INFO: Alive! Device 13891697 has checked in. [] {"uid":"200dff5"}
[2016-06-14 17:12:25] slim-app.INFO: Alive! Device 13891697 has checked in. [] {"uid":"b3ee03f"}
[2016-06-14 17:12:47] slim-app.INFO: Alive! Device 13891697 has checked in. [] {"uid":"150fa6f"}
[2016-06-14 17:13:08] slim-app.INFO: Alive! Device 13891697 has checked in. [] {"uid":"253d516"}
[2016-06-14 17:13:31] slim-app.INFO: Alive! Device 13891697 has checked in. [] {"uid":"2a7227c"}
[2016-06-14 17:13:41] slim-app.INFO: Alive! Device 13891697 has checked in. [] {"uid":"7e05f97"}
[2016-06-14 17:14:27] slim-app.INFO: Alive! Device 13891697 has checked in. [] {"uid":"a4c5d65"}
[2016-06-14 17:15:55] slim-app.INFO: Alive! Device 13891697 has checked in. [] {"uid":"d7916fc"}
[2016-06-14 17:29:00] slim-app.INFO: Dashboard [] {"uid":"2ee1d38"}
